=== Crawler Log ===
Timestamp: 20251221_022703
Parameters: {'DB_HOST': 'db', 'DB_PORT': '5432', 'DB_NAME': 'delivery_data', 'DB_USER': 'delivery_user', 'DB_PASSWORD': 'delivery_pass', 'STORE_CODE': 'all'}
Exit Code: {'StatusCode': 0}
===================

开始爬取店铺：海底捞火锅（Piccadilly）（piccadilly_hotpot） 时间：2025-12-20 - 2025-12-21
等待分页元素加载...
Processing page 1/21
成功保存 0 条原始详情到：./2025-12/海底捞火锅（Piccadilly）_2025-12-20_2025-12-21_orderdetail_raw.json
未发现可写入数据库的原始详情（全部为 None 或解析失败）
总运行时间: 13.00秒
开始爬取店铺：海底捞冒菜（Piccadilly）（piccadilly_maocai） 时间：2025-12-20 - 2025-12-21
等待分页元素加载...
Processing page 1/565
点击订单详情，准备捕获 XHR（订单时间: 2025-12-20 23:09:00）...
捕获到原始详情（最新匹配）来自 URL: https://api-uk-f2e.hungrypanda.vip/api/merchant/order/detail 订单时间: 2025-12-20 23:09:00
Processing page 2/565
点击订单详情，准备捕获 XHR（订单时间: 2025-12-20 23:01:04）...
捕获到原始详情（最新匹配）来自 URL: https://api-uk-f2e.hungrypanda.vip/api/merchant/order/detail 订单时间: 2025-12-20 23:01:04
点击订单详情，准备捕获 XHR（订单时间: 2025-12-20 22:54:44）...
捕获到原始详情（最新匹配）来自 URL: https://api-uk-f2e.hungrypanda.vip/api/merchant/order/detail 订单时间: 2025-12-20 22:54:44
点击订单详情，准备捕获 XHR（订单时间: 2025-12-20 22:44:05）...
捕获到原始详情（最新匹配）来自 URL: https://api-uk-f2e.hungrypanda.vip/api/merchant/order/detail 订单时间: 2025-12-20 22:44:05
点击订单详情，准备捕获 XHR（订单时间: 2025-12-20 22:11:02）...
捕获到原始详情（最新匹配）来自 URL: https://api-uk-f2e.hungrypanda.vip/api/merchant/order/detail 订单时间: 2025-12-20 22:11:02
点击订单详情，准备捕获 XHR（订单时间: 2025-12-20 22:08:15）...
捕获到原始详情（最新匹配）来自 URL: https://api-uk-f2e.hungrypanda.vip/api/merchant/order/detail 订单时间: 2025-12-20 22:08:15
点击订单详情，准备捕获 XHR（订单时间: 2025-12-20 22:06:23）...
捕获到原始详情（最新匹配）来自 URL: https://api-uk-f2e.hungrypanda.vip/api/merchant/order/detail 订单时间: 2025-12-20 22:06:23
点击订单详情，准备捕获 XHR（订单时间: 2025-12-20 21:44:03）...
捕获到原始详情（最新匹配）来自 URL: https://api-uk-f2e.hungrypanda.vip/api/merchant/order/detail 订单时间: 2025-12-20 21:44:03
点击订单详情，准备捕获 XHR（订单时间: 2025-12-20 21:30:18）...
捕获到原始详情（最新匹配）来自 URL: https://api-uk-f2e.hungrypanda.vip/api/merchant/order/detail 订单时间: 2025-12-20 21:30:18
点击订单详情，准备捕获 XHR（订单时间: 2025-12-20 20:49:16）...
捕获到原始详情（最新匹配）来自 URL: https://api-uk-f2e.hungrypanda.vip/api/merchant/order/detail 订单时间: 2025-12-20 20:49:16
点击订单详情，准备捕获 XHR（订单时间: 2025-12-20 20:07:54）...
捕获到原始详情（最新匹配）来自 URL: https://api-uk-f2e.hungrypanda.vip/api/merchant/order/detail 订单时间: 2025-12-20 20:07:54
Processing page 3/565
点击订单详情，准备捕获 XHR（订单时间: 2025-12-20 19:41:21）...
捕获到原始详情（最新匹配）来自 URL: https://api-uk-f2e.hungrypanda.vip/api/merchant/order/detail 订单时间: 2025-12-20 19:41:21
点击订单详情，准备捕获 XHR（订单时间: 2025-12-20 19:14:04）...
捕获到原始详情（最新匹配）来自 URL: https://api-uk-f2e.hungrypanda.vip/api/merchant/order/detail 订单时间: 2025-12-20 19:14:04
点击订单详情，准备捕获 XHR（订单时间: 2025-12-20 18:42:19）...
捕获到原始详情（最新匹配）来自 URL: https://api-uk-f2e.hungrypanda.vip/api/merchant/order/detail 订单时间: 2025-12-20 18:42:19
点击订单详情，准备捕获 XHR（订单时间: 2025-12-20 18:36:33）...
捕获到原始详情（最新匹配）来自 URL: https://api-uk-f2e.hungrypanda.vip/api/merchant/order/detail 订单时间: 2025-12-20 18:36:33
点击订单详情，准备捕获 XHR（订单时间: 2025-12-20 17:36:23）...
捕获到原始详情（最新匹配）来自 URL: https://api-uk-f2e.hungrypanda.vip/api/merchant/order/detail 订单时间: 2025-12-20 17:36:23
点击订单详情，准备捕获 XHR（订单时间: 2025-12-20 17:19:13）...
捕获到原始详情（最新匹配）来自 URL: https://api-uk-f2e.hungrypanda.vip/api/merchant/order/detail 订单时间: 2025-12-20 17:19:13
点击订单详情，准备捕获 XHR（订单时间: 2025-12-20 16:54:56）...
捕获到原始详情（最新匹配）来自 URL: https://api-uk-f2e.hungrypanda.vip/api/merchant/order/detail 订单时间: 2025-12-20 16:54:56
点击订单详情，准备捕获 XHR（订单时间: 2025-12-20 16:46:34）...
捕获到原始详情（最新匹配）来自 URL: https://api-uk-f2e.hungrypanda.vip/api/merchant/order/detail 订单时间: 2025-12-20 16:46:34
点击订单详情，准备捕获 XHR（订单时间: 2025-12-20 16:43:26）...
捕获到原始详情（最新匹配）来自 URL: https://api-uk-f2e.hungrypanda.vip/api/merchant/order/detail 订单时间: 2025-12-20 16:43:26
点击订单详情，准备捕获 XHR（订单时间: 2025-12-20 16:28:13）...
捕获到原始详情（最新匹配）来自 URL: https://api-uk-f2e.hungrypanda.vip/api/merchant/order/detail 订单时间: 2025-12-20 16:28:13
Processing page 4/565
点击订单详情，准备捕获 XHR（订单时间: 2025-12-20 15:06:19）...
捕获到原始详情（最新匹配）来自 URL: https://api-uk-f2e.hungrypanda.vip/api/merchant/order/detail 订单时间: 2025-12-20 15:06:19
点击订单详情，准备捕获 XHR（订单时间: 2025-12-20 13:46:13）...
捕获到原始详情（最新匹配）来自 URL: https://api-uk-f2e.hungrypanda.vip/api/merchant/order/detail 订单时间: 2025-12-20 13:46:13
点击订单详情，准备捕获 XHR（订单时间: 2025-12-20 13:29:38）...
捕获到原始详情（最新匹配）来自 URL: https://api-uk-f2e.hungrypanda.vip/api/merchant/order/detail 订单时间: 2025-12-20 13:29:38
点击订单详情，准备捕获 XHR（订单时间: 2025-12-20 13:24:40）...
捕获到原始详情（最新匹配）来自 URL: https://api-uk-f2e.hungrypanda.vip/api/merchant/order/detail 订单时间: 2025-12-20 13:24:40
点击订单详情，准备捕获 XHR（订单时间: 2025-12-20 13:11:40）...
捕获到原始详情（最新匹配）来自 URL: https://api-uk-f2e.hungrypanda.vip/api/merchant/order/detail 订单时间: 2025-12-20 13:11:40
点击订单详情，准备捕获 XHR（订单时间: 2025-12-20 12:29:46）...
捕获到原始详情（最新匹配）来自 URL: https://api-uk-f2e.hungrypanda.vip/api/merchant/order/detail 订单时间: 2025-12-20 12:29:46
点击订单详情，准备捕获 XHR（订单时间: 2025-12-20 12:19:45）...
捕获到原始详情（最新匹配）来自 URL: https://api-uk-f2e.hungrypanda.vip/api/merchant/order/detail 订单时间: 2025-12-20 12:19:45
点击订单详情，准备捕获 XHR（订单时间: 2025-12-20 12:17:40）...
捕获到原始详情（最新匹配）来自 URL: https://api-uk-f2e.hungrypanda.vip/api/merchant/order/detail 订单时间: 2025-12-20 12:17:40
点击订单详情，准备捕获 XHR（订单时间: 2025-12-20 11:59:33）...
捕获到原始详情（最新匹配）来自 URL: https://api-uk-f2e.hungrypanda.vip/api/merchant/order/detail 订单时间: 2025-12-20 11:59:33
点击订单详情，准备捕获 XHR（订单时间: 2025-12-20 11:29:19）...
捕获到原始详情（最新匹配）来自 URL: https://api-uk-f2e.hungrypanda.vip/api/merchant/order/detail 订单时间: 2025-12-20 11:29:19
Processing page 5/565
点击订单详情，准备捕获 XHR（订单时间: 2025-12-20 11:11:20）...
捕获到原始详情（最新匹配）来自 URL: https://api-uk-f2e.hungrypanda.vip/api/merchant/order/detail 订单时间: 2025-12-20 11:11:20
点击订单详情，准备捕获 XHR（订单时间: 2025-12-20 11:00:48）...
捕获到原始详情（最新匹配）来自 URL: https://api-uk-f2e.hungrypanda.vip/api/merchant/order/detail 订单时间: 2025-12-20 11:00:48
点击订单详情，准备捕获 XHR（订单时间: 2025-12-20 02:27:37）...
捕获到原始详情（最新匹配）来自 URL: https://api-uk-f2e.hungrypanda.vip/api/merchant/order/detail 订单时间: 2025-12-20 02:27:37
点击订单详情，准备捕获 XHR（订单时间: 2025-12-20 02:27:04）...
捕获到原始详情（最新匹配）来自 URL: https://api-uk-f2e.hungrypanda.vip/api/merchant/order/detail 订单时间: 2025-12-20 02:27:04
点击订单详情，准备捕获 XHR（订单时间: 2025-12-20 02:22:47）...
捕获到原始详情（最新匹配）来自 URL: https://api-uk-f2e.hungrypanda.vip/api/merchant/order/detail 订单时间: 2025-12-20 02:22:47
点击订单详情，准备捕获 XHR（订单时间: 2025-12-20 02:22:06）...
捕获到原始详情（最新匹配）来自 URL: https://api-uk-f2e.hungrypanda.vip/api/merchant/order/detail 订单时间: 2025-12-20 02:22:06
点击订单详情，准备捕获 XHR（订单时间: 2025-12-20 02:19:16）...
捕获到原始详情（最新匹配）来自 URL: https://api-uk-f2e.hungrypanda.vip/api/merchant/order/detail 订单时间: 2025-12-20 02:19:16
点击订单详情，准备捕获 XHR（订单时间: 2025-12-20 02:05:01）...
捕获到原始详情（最新匹配）来自 URL: https://api-uk-f2e.hungrypanda.vip/api/merchant/order/detail 订单时间: 2025-12-20 02:05:01
点击订单详情，准备捕获 XHR（订单时间: 2025-12-20 01:47:31）...
捕获到原始详情（最新匹配）来自 URL: https://api-uk-f2e.hungrypanda.vip/api/merchant/order/detail 订单时间: 2025-12-20 01:47:31
点击订单详情，准备捕获 XHR（订单时间: 2025-12-20 01:18:01）...
捕获到原始详情（最新匹配）来自 URL: https://api-uk-f2e.hungrypanda.vip/api/merchant/order/detail 订单时间: 2025-12-20 01:18:01
Processing page 6/565
点击订单详情，准备捕获 XHR（订单时间: 2025-12-20 01:17:41）...
捕获到原始详情（最新匹配）来自 URL: https://api-uk-f2e.hungrypanda.vip/api/merchant/order/detail 订单时间: 2025-12-20 01:17:41
点击订单详情，准备捕获 XHR（订单时间: 2025-12-20 01:05:33）...
捕获到原始详情（最新匹配）来自 URL: https://api-uk-f2e.hungrypanda.vip/api/merchant/order/detail 订单时间: 2025-12-20 01:05:33
点击订单详情，准备捕获 XHR（订单时间: 2025-12-20 00:23:45）...
捕获到原始详情（最新匹配）来自 URL: https://api-uk-f2e.hungrypanda.vip/api/merchant/order/detail 订单时间: 2025-12-20 00:23:45
成功保存 44 条原始详情到：./2025-12/海底捞冒菜（Piccadilly）_2025-12-20_2025-12-21_orderdetail_raw.json
保存完成，写入 44 条记录
已写入数据库 44 条订单（前一天过滤、去重后）
总运行时间: 95.02秒
开始爬取店铺：海底捞冒菜（东伦敦）（east_maocai） 时间：2025-12-20 - 2025-12-21
等待分页元素加载...
Processing page 1/273
点击订单详情，准备捕获 XHR（订单时间: 2025-12-20 20:30:39）...
捕获到原始详情（最新匹配）来自 URL: https://api-uk-f2e.hungrypanda.vip/api/merchant/order/detail 订单时间: 2025-12-20 20:30:39
点击订单详情，准备捕获 XHR（订单时间: 2025-12-20 20:00:31）...
捕获到原始详情（最新匹配）来自 URL: https://api-uk-f2e.hungrypanda.vip/api/merchant/order/detail 订单时间: 2025-12-20 20:00:31
点击订单详情，准备捕获 XHR（订单时间: 2025-12-20 19:45:43）...
捕获到原始详情（最新匹配）来自 URL: https://api-uk-f2e.hungrypanda.vip/api/merchant/order/detail 订单时间: 2025-12-20 19:45:43
点击订单详情，准备捕获 XHR（订单时间: 2025-12-20 19:26:37）...
捕获到原始详情（最新匹配）来自 URL: https://api-uk-f2e.hungrypanda.vip/api/merchant/order/detail 订单时间: 2025-12-20 19:26:37
点击订单详情，准备捕获 XHR（订单时间: 2025-12-20 17:26:33）...
捕获到原始详情（最新匹配）来自 URL: https://api-uk-f2e.hungrypanda.vip/api/merchant/order/detail 订单时间: 2025-12-20 17:26:33
点击订单详情，准备捕获 XHR（订单时间: 2025-12-20 16:56:43）...
捕获到原始详情（最新匹配）来自 URL: https://api-uk-f2e.hungrypanda.vip/api/merchant/order/detail 订单时间: 2025-12-20 16:56:43
点击订单详情，准备捕获 XHR（订单时间: 2025-12-20 16:07:01）...
捕获到原始详情（最新匹配）来自 URL: https://api-uk-f2e.hungrypanda.vip/api/merchant/order/detail 订单时间: 2025-12-20 16:07:01
点击订单详情，准备捕获 XHR（订单时间: 2025-12-20 13:39:04）...
捕获到原始详情（最新匹配）来自 URL: https://api-uk-f2e.hungrypanda.vip/api/merchant/order/detail 订单时间: 2025-12-20 13:39:04
点击订单详情，准备捕获 XHR（订单时间: 2025-12-20 11:55:24）...
捕获到原始详情（最新匹配）来自 URL: https://api-uk-f2e.hungrypanda.vip/api/merchant/order/detail 订单时间: 2025-12-20 11:55:24
Processing page 2/273
点击订单详情，准备捕获 XHR（订单时间: 2025-12-20 11:21:46）...
捕获到原始详情（最新匹配）来自 URL: https://api-uk-f2e.hungrypanda.vip/api/merchant/order/detail 订单时间: 2025-12-20 11:21:46
点击订单详情，准备捕获 XHR（订单时间: 2025-12-20 11:10:44）...
捕获到原始详情（最新匹配）来自 URL: https://api-uk-f2e.hungrypanda.vip/api/merchant/order/detail 订单时间: 2025-12-20 11:10:44
点击订单详情，准备捕获 XHR（订单时间: 2025-12-20 10:04:31）...
捕获到原始详情（最新匹配）来自 URL: https://api-uk-f2e.hungrypanda.vip/api/merchant/order/detail 订单时间: 2025-12-20 10:04:31
成功保存 12 条原始详情到：./2025-12/海底捞冒菜（东伦敦）_2025-12-20_2025-12-21_orderdetail_raw.json
保存完成，写入 12 条记录
已写入数据库 12 条订单（前一天过滤、去重后）
总运行时间: 33.24秒
开始爬取店铺：海底捞冒菜（巴特西）（battersea_maocai） 时间：2025-12-20 - 2025-12-21
等待分页元素加载...
Processing page 1/85
点击订单详情，准备捕获 XHR（订单时间: 2025-12-20 19:36:53）...
捕获到原始详情（最新匹配）来自 URL: https://api-uk-f2e.hungrypanda.vip/api/merchant/order/detail 订单时间: 2025-12-20 19:36:53
点击订单详情，准备捕获 XHR（订单时间: 2025-12-20 18:32:11）...
捕获到原始详情（最新匹配）来自 URL: https://api-uk-f2e.hungrypanda.vip/api/merchant/order/detail 订单时间: 2025-12-20 18:32:11
点击订单详情，准备捕获 XHR（订单时间: 2025-12-20 18:29:43）...
捕获到原始详情（最新匹配）来自 URL: https://api-uk-f2e.hungrypanda.vip/api/merchant/order/detail 订单时间: 2025-12-20 18:29:43
点击订单详情，准备捕获 XHR（订单时间: 2025-12-20 18:08:32）...
捕获到原始详情（最新匹配）来自 URL: https://api-uk-f2e.hungrypanda.vip/api/merchant/order/detail 订单时间: 2025-12-20 18:08:32
点击订单详情，准备捕获 XHR（订单时间: 2025-12-20 12:18:11）...
捕获到原始详情（最新匹配）来自 URL: https://api-uk-f2e.hungrypanda.vip/api/merchant/order/detail 订单时间: 2025-12-20 12:18:11
点击订单详情，准备捕获 XHR（订单时间: 2025-12-20 10:59:06）...
捕获到原始详情（最新匹配）来自 URL: https://api-uk-f2e.hungrypanda.vip/api/merchant/order/detail 订单时间: 2025-12-20 10:59:06
成功保存 6 条原始详情到：./2025-12/海底捞冒菜（巴特西）_2025-12-20_2025-12-21_orderdetail_raw.json
保存完成，写入 0 条记录
已写入数据库 0 条订单（前一天过滤、去重后）
总运行时间: 23.91秒
开始爬取店铺：海底捞冒菜（Brent）（brent_maocai） 时间：2025-12-20 - 2025-12-21
等待分页元素加载...
Processing page 1/81
点击订单详情，准备捕获 XHR（订单时间: 2025-12-20 17:40:52）...
捕获到原始详情（最新匹配）来自 URL: https://api-uk-f2e.hungrypanda.vip/api/merchant/order/detail 订单时间: 2025-12-20 17:40:52
点击订单详情，准备捕获 XHR（订单时间: 2025-12-20 17:12:17）...
捕获到原始详情（最新匹配）来自 URL: https://api-uk-f2e.hungrypanda.vip/api/merchant/order/detail 订单时间: 2025-12-20 17:12:17
点击订单详情，准备捕获 XHR（订单时间: 2025-12-20 17:10:01）...
捕获到原始详情（最新匹配）来自 URL: https://api-uk-f2e.hungrypanda.vip/api/merchant/order/detail 订单时间: 2025-12-20 17:10:01
点击订单详情，准备捕获 XHR（订单时间: 2025-12-20 17:01:39）...
捕获到原始详情（最新匹配）来自 URL: https://api-uk-f2e.hungrypanda.vip/api/merchant/order/detail 订单时间: 2025-12-20 17:01:39
点击订单详情，准备捕获 XHR（订单时间: 2025-12-20 13:52:40）...
捕获到原始详情（最新匹配）来自 URL: https://api-uk-f2e.hungrypanda.vip/api/merchant/order/detail 订单时间: 2025-12-20 13:52:40
成功保存 5 条原始详情到：./2025-12/海底捞冒菜（Brent）_2025-12-20_2025-12-21_orderdetail_raw.json
保存完成，写入 0 条记录
已写入数据库 0 条订单（前一天过滤、去重后）
总运行时间: 20.40秒
开始爬取店铺：海底捞冒菜（塔桥）（towerbridge_maocai） 时间：2025-12-20 - 2025-12-21
等待分页元素加载...
Processing page 1/89
点击订单详情，准备捕获 XHR（订单时间: 2025-12-20 16:11:26）...
捕获到原始详情（最新匹配）来自 URL: https://api-uk-f2e.hungrypanda.vip/api/merchant/order/detail 订单时间: 2025-12-20 16:11:26
点击订单详情，准备捕获 XHR（订单时间: 2025-12-20 13:13:23）...
捕获到原始详情（最新匹配）来自 URL: https://api-uk-f2e.hungrypanda.vip/api/merchant/order/detail 订单时间: 2025-12-20 13:13:23
成功保存 2 条原始详情到：./2025-12/海底捞冒菜（塔桥）_2025-12-20_2025-12-21_orderdetail_raw.json
保存完成，写入 0 条记录
已写入数据库 0 条订单（前一天过滤、去重后）
总运行时间: 22.47秒
